<?xml version="1.0" encoding="UTF-8"?>
<!-- Generated by org.testng.reporters.JUnitXMLReporter -->
<testsuite hostname="DESKTOP-ELF89KR" ignored="0" name="Command line test" tests="2" failures="0" timestamp="2020-03-26T18:37:19 PKT" time="16.658" errors="0">
  <testcase name="CreateUsers" time="11.675" classname="RestAssuredProject.Assignments.Test_Assignment1"/>
  <testcase name="GetUsers" time="2.591" classname="RestAssuredProject.Assignments.Test_Assignment1"/>
</testsuite> <!-- Command line test -->
