<?xml version="1.0" encoding="UTF-8"?>
<!-- Generated by org.testng.reporters.JUnitXMLReporter -->
<testsuite hostname="DESKTOP-ELF89KR" ignored="0" name="Command line test" tests="4" failures="1" timestamp="2020-07-19T17:33:39 PKT" time="115.634" errors="0">
  <testcase name="Create_New_PET" time="35.34" classname="RestAssuredProject.Assignments.Test_Create_New_Pet"/>
  <testcase name="Delete_PET" time="18.285" classname="RestAssuredProject.Assignments.Test_Delete_PET"/>
  <testcase name="get_all_available_pets" time="40.575" classname="RestAssuredProject.Assignments.Test_Get_Available_Pets"/>
  <testcase name="get_pet_by_id" time="20.217" classname="RestAssuredProject.Assignments.Test_Get_Pets_Using_ID">
    <failure type="org.junit.ComparisonFailure" message="expected:&amp;lt;[200]&amp;gt; but was:&amp;lt;[404]&amp;gt;">
      <![CDATA[org.junit.ComparisonFailure: expected:<[200]> but was:<[404]>
at RestAssuredProject.Assignments.Test_Get_Pets_Using_ID.get_pet_by_id(Test_Get_Pets_Using_ID.java:59)
at java.util.ArrayList.forEach(Unknown Source)
... Removed 40 stack frames]]>
    </failure>
  </testcase> <!-- get_pet_by_id -->
</testsuite> <!-- Command line test -->
