<?xml version="1.0" encoding="UTF-8"?>
<!-- Generated by org.testng.reporters.JUnitXMLReporter -->
<testsuite hostname="DESKTOP-ELF89KR" ignored="0" name="Command line test" tests="4" failures="1" timestamp="2020-07-19T20:02:12 PKT" time="38.793" errors="0">
  <testcase name="Create_New_PET" time="17.842" classname="RestAssuredProject.Assignments.Test_Create_New_Pet"/>
  <testcase name="Delete_PET" time="5.598" classname="RestAssuredProject.Assignments.Test_Delete_PET"/>
  <testcase name="get_all_available_pets" time="8.603" classname="RestAssuredProject.Assignments.Test_Get_Available_Pets"/>
  <testcase name="get_pet_by_id" time="3.868" classname="RestAssuredProject.Assignments.Test_Get_Pet_Using_ID">
    <failure type="org.junit.ComparisonFailure" message="expected:&amp;lt;[200]&amp;gt; but was:&amp;lt;[404]&amp;gt;">
      <![CDATA[org.junit.ComparisonFailure: expected:<[200]> but was:<[404]>
at RestAssuredProject.Assignments.Test_Get_Pet_Using_ID.get_pet_by_id(Test_Get_Pet_Using_ID.java:50)
at java.util.ArrayList.forEach(ArrayList.java:1249)
... Removed 40 stack frames]]>
    </failure>
  </testcase> <!-- get_pet_by_id -->
</testsuite> <!-- Command line test -->
