<?xml version="1.0" encoding="UTF-8"?>
<testng-results skipped="0" failed="1" ignored="0" total="4" passed="3">
  <reporter-output>
  </reporter-output>
  <suite name="Command line suite" duration-ms="38793" started-at="2020-07-19T20:01:33 PKT" finished-at="2020-07-19T20:02:12 PKT">
    <groups>
    </groups>
    <test name="Command line test" duration-ms="38793" started-at="2020-07-19T20:01:33 PKT" finished-at="2020-07-19T20:02:12 PKT">
      <class name="RestAssuredProject.Assignments.Test_Delete_PET">
        <test-method status="PASS" signature="SetUp()[pri:0, instance:RestAssuredProject.Assignments.Test_Delete_PET@1794d431]" name="SetUp" is-config="true" duration-ms="19" started-at="2020-07-19T20:01:54 PKT" finished-at="2020-07-19T20:01:54 PKT">
          <reporter-output>
          </reporter-output>
        </test-method> <!-- SetUp -->
        <test-method status="PASS" signature="Delete_PET()[pri:0, instance:RestAssuredProject.Assignments.Test_Delete_PET@1794d431]" name="Delete_PET" duration-ms="5598" started-at="2020-07-19T20:01:54 PKT" finished-at="2020-07-19T20:01:59 PKT">
          <reporter-output>
          </reporter-output>
        </test-method> <!-- Delete_PET -->
      </class> <!-- RestAssuredProject.Assignments.Test_Delete_PET -->
      <class name="RestAssuredProject.Assignments.Test_Get_Pet_Using_ID">
        <test-method status="PASS" signature="SetUp()[pri:0, instance:RestAssuredProject.Assignments.Test_Get_Pet_Using_ID@57baeedf]" name="SetUp" is-config="true" duration-ms="5" started-at="2020-07-19T20:02:08 PKT" finished-at="2020-07-19T20:02:08 PKT">
          <reporter-output>
          </reporter-output>
        </test-method> <!-- SetUp -->
        <test-method status="FAIL" signature="get_pet_by_id()[pri:0, instance:RestAssuredProject.Assignments.Test_Get_Pet_Using_ID@57baeedf]" name="get_pet_by_id" duration-ms="3868" started-at="2020-07-19T20:02:08 PKT" finished-at="2020-07-19T20:02:12 PKT">
          <exception class="org.junit.ComparisonFailure">
            <message>
              <![CDATA[expected:<[200]> but was:<[404]>]]>
            </message>
            <full-stacktrace>
              <![CDATA[org.junit.ComparisonFailure: expected:<[200]> but was:<[404]>
at sun.reflect.NativeConstructorAccessorImpl.newInstance0(Native Method)
at sun.reflect.NativeConstructorAccessorImpl.newInstance(NativeConstructorAccessorImpl.java:62)
at sun.reflect.DelegatingConstructorAccessorImpl.newInstance(DelegatingConstructorAccessorImpl.java:45)
at RestAssuredProject.Assignments.Test_Get_Pet_Using_ID.get_pet_by_id(Test_Get_Pet_Using_ID.java:50)
at sun.reflect.NativeMethodAccessorImpl.invoke0(Native Method)
at sun.reflect.NativeMethodAccessorImpl.invoke(NativeMethodAccessorImpl.java:62)
at sun.reflect.DelegatingMethodAccessorImpl.invoke(DelegatingMethodAccessorImpl.java:43)
at java.lang.reflect.Method.invoke(Method.java:498)
at org.testng.internal.MethodInvocationHelper.invokeMethod(MethodInvocationHelper.java:133)
at org.testng.internal.TestInvoker.invokeMethod(TestInvoker.java:584)
at org.testng.internal.TestInvoker.invokeTestMethod(TestInvoker.java:172)
at org.testng.internal.MethodRunner.runInSequence(MethodRunner.java:46)
at org.testng.internal.TestInvoker$MethodInvocationAgent.invoke(TestInvoker.java:804)
at org.testng.internal.TestInvoker.invokeTestMethods(TestInvoker.java:145)
at org.testng.internal.TestMethodWorker.invokeTestMethods(TestMethodWorker.java:146)
at org.testng.internal.TestMethodWorker.run(TestMethodWorker.java:128)
at java.util.ArrayList.forEach(ArrayList.java:1249)
at org.testng.TestRunner.privateRun(TestRunner.java:770)
at org.testng.TestRunner.run(TestRunner.java:591)
at org.testng.SuiteRunner.runTest(SuiteRunner.java:402)
at org.testng.SuiteRunner.runSequentially(SuiteRunner.java:396)
at org.testng.SuiteRunner.privateRun(SuiteRunner.java:355)
at org.testng.SuiteRunner.run(SuiteRunner.java:304)
at org.testng.SuiteRunnerWorker.runSuite(SuiteRunnerWorker.java:53)
at org.testng.SuiteRunnerWorker.run(SuiteRunnerWorker.java:96)
at org.testng.TestNG.runSuitesSequentially(TestNG.java:1180)
at org.testng.TestNG.runSuitesLocally(TestNG.java:1102)
at org.testng.TestNG.runSuites(TestNG.java:1032)
at org.testng.TestNG.run(TestNG.java:1000)
at org.apache.maven.surefire.testng.TestNGExecutor.run(TestNGExecutor.java:77)
at org.apache.maven.surefire.testng.TestNGDirectoryTestSuite.executeMulti(TestNGDirectoryTestSuite.java:159)
at org.apache.maven.surefire.testng.TestNGDirectoryTestSuite.execute(TestNGDirectoryTestSuite.java:99)
at org.apache.maven.surefire.testng.TestNGProvider.invoke(TestNGProvider.java:106)
at sun.reflect.NativeMethodAccessorImpl.invoke0(Native Method)
at sun.reflect.NativeMethodAccessorImpl.invoke(NativeMethodAccessorImpl.java:62)
at sun.reflect.DelegatingMethodAccessorImpl.invoke(DelegatingMethodAccessorImpl.java:43)
at java.lang.reflect.Method.invoke(Method.java:498)
at org.apache.maven.surefire.util.ReflectionUtils.invokeMethodWithArray(ReflectionUtils.java:189)
at org.apache.maven.surefire.booter.ProviderFactory$ProviderProxy.invoke(ProviderFactory.java:165)
at org.apache.maven.surefire.booter.ProviderFactory.invokeProvider(ProviderFactory.java:85)
at org.apache.maven.surefire.booter.ForkedBooter.runSuitesInProcess(ForkedBooter.java:115)
at org.apache.maven.surefire.booter.ForkedBooter.main(ForkedBooter.java:75)
]]>
            </full-stacktrace>
          </exception> <!-- org.junit.ComparisonFailure -->
          <reporter-output>
          </reporter-output>
        </test-method> <!-- get_pet_by_id -->
      </class> <!-- RestAssuredProject.Assignments.Test_Get_Pet_Using_ID -->
      <class name="RestAssuredProject.Assignments.Test_Get_Available_Pets">
        <test-method status="PASS" signature="SetUp()[pri:0, instance:RestAssuredProject.Assignments.Test_Get_Available_Pets@42e26948]" name="SetUp" is-config="true" duration-ms="7" started-at="2020-07-19T20:01:59 PKT" finished-at="2020-07-19T20:01:59 PKT">
          <reporter-output>
          </reporter-output>
        </test-method> <!-- SetUp -->
        <test-method status="PASS" signature="get_all_available_pets()[pri:0, instance:RestAssuredProject.Assignments.Test_Get_Available_Pets@42e26948]" name="get_all_available_pets" duration-ms="8603" started-at="2020-07-19T20:01:59 PKT" finished-at="2020-07-19T20:02:08 PKT">
          <reporter-output>
          </reporter-output>
        </test-method> <!-- get_all_available_pets -->
      </class> <!-- RestAssuredProject.Assignments.Test_Get_Available_Pets -->
      <class name="RestAssuredProject.Assignments.Test_Create_New_Pet">
        <test-method status="PASS" signature="SetUp()[pri:0, instance:RestAssuredProject.Assignments.Test_Create_New_Pet@39c0f4a]" name="SetUp" is-config="true" duration-ms="2562" started-at="2020-07-19T20:01:33 PKT" finished-at="2020-07-19T20:01:36 PKT">
          <reporter-output>
          </reporter-output>
        </test-method> <!-- SetUp -->
        <test-method status="PASS" signature="Create_New_PET()[pri:0, instance:RestAssuredProject.Assignments.Test_Create_New_Pet@39c0f4a]" name="Create_New_PET" duration-ms="17842" started-at="2020-07-19T20:01:36 PKT" finished-at="2020-07-19T20:01:54 PKT">
          <reporter-output>
          </reporter-output>
        </test-method> <!-- Create_New_PET -->
      </class> <!-- RestAssuredProject.Assignments.Test_Create_New_Pet -->
    </test> <!-- Command line test -->
  </suite> <!-- Command line suite -->
</testng-results>
