<?xml version="1.0" encoding="UTF-8" ?>
<testsuite tests="4" failures="1" name="TestSuite" time="114.422" errors="0" skipped="0">
  <properties>
[...]
</properties>
  <testcase classname="RestAssuredProject.Assignments.Test_Create_New_Pet" name="Create_New_PET" time="35.325"/>
  <testcase classname="RestAssuredProject.Assignments.Test_Delete_PET" name="Delete_PET" time="18.285"/>
  <testcase classname="RestAssuredProject.Assignments.Test_Get_Available_Pets" name="get_all_available_pets" time="40.575"/>
  <testcase classname="RestAssuredProject.Assignments.Test_Get_Pets_Using_ID" name="get_pet_by_id" time="20.237">
    <failure message="expected:&lt;[200]&gt; but was:&lt;[404]&gt;" type="org.junit.ComparisonFailure">org.junit.ComparisonFailure: expected:&lt;[200]&gt; but was:&lt;[404]&gt;
	at sun.reflect.NativeConstructorAccessorImpl.newInstance0(Native Method)
	at sun.reflect.NativeConstructorAccessorImpl.newInstance(Unknown Source)
	at sun.reflect.DelegatingConstructorAccessorImpl.newInstance(Unknown Source)
	at RestAssuredProject.Assignments.Test_Get_Pets_Using_ID.get_pet_by_id(Test_Get_Pets_Using_ID.java:59)
</failure>
    <system-out>Status Code of Get PET using ID is : 404
</system-out>
  </testcase>
</testsuite>